2016-04-19 09:24:41 Error: [PDOException] SQLSTATE[42S22]: Column not found: 1054 Unknown column 'Tramite.area_creacion_id' in 'where clause'
Request URL: /intersms/dashboard
Stack Trace:
#0 C:\wamp\www\intersms\lib\Cake\Model\Datasource\DboSource.php(460): PDOStatement->execute(Array)
#1 C:\wamp\www\intersms\lib\Cake\Model\Datasource\DboSource.php(426): DboSource->_execute('SELECT `Tramite...', Array)
#2 C:\wamp\www\intersms\lib\Cake\Model\Datasource\DboSource.php(668): DboSource->execute('SELECT `Tramite...', Array, Array)
#3 C:\wamp\www\intersms\lib\Cake\Model\Datasource\DboSource.php(1106): DboSource->fetchAll('SELECT `Tramite...', false)
#4 C:\wamp\www\intersms\lib\Cake\Model\Model.php(3022): DboSource->read(Object(Tramite), Array)
#5 C:\wamp\www\intersms\lib\Cake\Model\Model.php(2994): Model->_readDataSource('all', Array)
#6 C:\wamp\www\intersms\app\Model\AppModel.php(177): Model->find('all', Array)
#7 C:\wamp\www\intersms\app\Model\SeguimientoTramite.php(236): AppModel->findObjects('all', Array)
#8 C:\wamp\www\intersms\app\Controller\DashboardController.php(13): SeguimientoTramite->listTramitesPendientes(Object(Usuario))
#9 [internal function]: DashboardController->index()
#10 C:\wamp\www\intersms\lib\Cake\Controller\Controller.php(490): ReflectionMethod->invokeArgs(Object(DashboardController), Array)
#11 C:\wamp\www\intersms\lib\Cake\Routing\Dispatcher.php(193): Controller->invokeAction(Object(CakeRequest))
#12 C:\wamp\www\intersms\lib\Cake\Routing\Dispatcher.php(167): Dispatcher->_invoke(Object(DashboardController), Object(CakeRequest))
#13 C:\wamp\www\intersms\app\webroot\index.php(118): Dispatcher->dispatch(Object(CakeRequest), Object(CakeResponse))
#14 {main}
2016-04-19 09:36:16 Error: [MissingTableException] Table areas for model Area was not found in datasource default.
Exception Attributes: array (
  'table' => 'areas',
  'class' => 'Area',
  'ds' => 'default',
)
Request URL: /intersms/usuarios/add_edit_usuario/
Stack Trace:
#0 C:\wamp\www\intersms\lib\Cake\Model\Model.php(3644): Model->setSource('areas')
#1 C:\wamp\www\intersms\lib\Cake\Model\Model.php(3022): Model->getDataSource()
#2 C:\wamp\www\intersms\lib\Cake\Model\Model.php(2994): Model->_readDataSource('all', Array)
#3 C:\wamp\www\intersms\app\Model\AppModel.php(177): Model->find('all', Array)
#4 C:\wamp\www\intersms\app\Controller\UsuariosController.php(160): AppModel->findObjects('all', Array)
#5 [internal function]: UsuariosController->add_edit_usuario()
#6 C:\wamp\www\intersms\lib\Cake\Controller\Controller.php(490): ReflectionMethod->invokeArgs(Object(UsuariosController), Array)
#7 C:\wamp\www\intersms\lib\Cake\Routing\Dispatcher.php(193): Controller->invokeAction(Object(CakeRequest))
#8 C:\wamp\www\intersms\lib\Cake\Routing\Dispatcher.php(167): Dispatcher->_invoke(Object(UsuariosController), Object(CakeRequest))
#9 C:\wamp\www\intersms\app\webroot\index.php(118): Dispatcher->dispatch(Object(CakeRequest), Object(CakeResponse))
#10 {main}
2016-04-19 09:36:26 Error: [MissingTableException] Table areas for model Area was not found in datasource default.
Exception Attributes: array (
  'table' => 'areas',
  'class' => 'Area',
  'ds' => 'default',
)
Request URL: /intersms/usuarios/add_edit_usuario/
Stack Trace:
#0 C:\wamp\www\intersms\lib\Cake\Model\Model.php(3644): Model->setSource('areas')
#1 C:\wamp\www\intersms\lib\Cake\Model\Model.php(3022): Model->getDataSource()
#2 C:\wamp\www\intersms\lib\Cake\Model\Model.php(2994): Model->_readDataSource('all', Array)
#3 C:\wamp\www\intersms\app\Model\AppModel.php(177): Model->find('all', Array)
#4 C:\wamp\www\intersms\app\Controller\UsuariosController.php(160): AppModel->findObjects('all', Array)
#5 [internal function]: UsuariosController->add_edit_usuario()
#6 C:\wamp\www\intersms\lib\Cake\Controller\Controller.php(490): ReflectionMethod->invokeArgs(Object(UsuariosController), Array)
#7 C:\wamp\www\intersms\lib\Cake\Routing\Dispatcher.php(193): Controller->invokeAction(Object(CakeRequest))
#8 C:\wamp\www\intersms\lib\Cake\Routing\Dispatcher.php(167): Dispatcher->_invoke(Object(UsuariosController), Object(CakeRequest))
#9 C:\wamp\www\intersms\app\webroot\index.php(118): Dispatcher->dispatch(Object(CakeRequest), Object(CakeResponse))
#10 {main}
2016-04-19 09:48:40 Error: [MissingTableException] Table areas for model Area was not found in datasource default.
Exception Attributes: array (
  'table' => 'areas',
  'class' => 'Area',
  'ds' => 'default',
)
Request URL: /intersms/usuarios/login
Stack Trace:
#0 C:\wamp\www\intersms\lib\Cake\Model\Model.php(3644): Model->setSource('areas')
#1 C:\wamp\www\intersms\lib\Cake\Model\Model.php(1387): Model->getDataSource()
#2 C:\wamp\www\intersms\lib\Cake\Model\Datasource\DboSource.php(2516): Model->schema()
#3 C:\wamp\www\intersms\lib\Cake\Model\Datasource\DboSource.php(1741): DboSource->fields(Object(Area), 'Area', '')
#4 C:\wamp\www\intersms\lib\Cake\Model\Datasource\DboSource.php(1093): DboSource->generateAssociationQuery(Object(Usuario), Object(Area), 'belongsTo', 'Area', Array, Array, false)
#5 C:\wamp\www\intersms\lib\Cake\Model\Model.php(3022): DboSource->read(Object(Usuario), Array)
#6 C:\wamp\www\intersms\lib\Cake\Model\Model.php(2994): Model->_readDataSource('first', Array)
#7 C:\wamp\www\intersms\lib\Cake\Controller\Component\Auth\BaseAuthenticate.php(130): Model->find('first', Array)
#8 C:\wamp\www\intersms\lib\Cake\Controller\Component\Auth\FormAuthenticate.php(79): BaseAuthenticate->_findUser('admin', '123456')
#9 C:\wamp\www\intersms\lib\Cake\Controller\Component\AuthComponent.php(762): FormAuthenticate->authenticate(Object(CakeRequest), Object(CakeResponse))
#10 C:\wamp\www\intersms\lib\Cake\Controller\Component\AuthComponent.php(607): AuthComponent->identify(Object(CakeRequest), Object(CakeResponse))
#11 C:\wamp\www\intersms\app\Controller\UsuariosController.php(16): AuthComponent->login()
#12 [internal function]: UsuariosController->login()
#13 C:\wamp\www\intersms\lib\Cake\Controller\Controller.php(490): ReflectionMethod->invokeArgs(Object(UsuariosController), Array)
#14 C:\wamp\www\intersms\lib\Cake\Routing\Dispatcher.php(193): Controller->invokeAction(Object(CakeRequest))
#15 C:\wamp\www\intersms\lib\Cake\Routing\Dispatcher.php(167): Dispatcher->_invoke(Object(UsuariosController), Object(CakeRequest))
#16 C:\wamp\www\intersms\app\webroot\index.php(118): Dispatcher->dispatch(Object(CakeRequest), Object(CakeResponse))
#17 {main}
2016-04-19 09:48:41 Error: Fatal Error (1): Call to a member function getAttr() on a non-object in [C:\wamp\www\intersms\app\View\Elements\menu.ctp, line 7]
2016-04-19 09:48:41 Error: [FatalErrorException] Call to a member function getAttr() on a non-object
Request URL: /intersms/usuarios/login
Stack Trace:
#0 C:\wamp\www\intersms\lib\Cake\Error\ErrorHandler.php(213): ErrorHandler::handleFatalError(1, 'Call to a membe...', 'C:\\wamp\\www\\int...', 7)
#1 [internal function]: ErrorHandler::handleError(1, 'Call to a membe...', 'C:\\wamp\\www\\int...', 7, Array)
#2 C:\wamp\www\intersms\lib\Cake\Core\App.php(933): call_user_func('ErrorHandler::h...', 1, 'Call to a membe...', 'C:\\wamp\\www\\int...', 7, Array)
#3 C:\wamp\www\intersms\lib\Cake\Core\App.php(906): App::_checkFatalError()
#4 [internal function]: App::shutdown()
#5 {main}
2016-04-19 09:48:41 Error: [MissingActionException] Action UsuariosController::<pre class=() could not be found.
Exception Attributes: array (
  'controller' => 'UsuariosController',
  'action' => '<pre class=',
)
Request URL: /intersms/usuarios/%3Cpre%20class=
Stack Trace:
#0 C:\wamp\www\intersms\lib\Cake\Routing\Dispatcher.php(193): Controller->invokeAction(Object(CakeRequest))
#1 C:\wamp\www\intersms\lib\Cake\Routing\Dispatcher.php(167): Dispatcher->_invoke(Object(UsuariosController), Object(CakeRequest))
#2 C:\wamp\www\intersms\app\webroot\index.php(118): Dispatcher->dispatch(Object(CakeRequest), Object(CakeResponse))
#3 {main}
2016-04-19 09:48:42 Error: Fatal Error (1): Call to a member function getAttr() on a non-object in [C:\wamp\www\intersms\app\View\Elements\menu.ctp, line 7]
2016-04-19 09:48:42 Error: [FatalErrorException] Call to a member function getAttr() on a non-object
Request URL: /intersms/usuarios/%3Cpre%20class=
Stack Trace:
#0 C:\wamp\www\intersms\lib\Cake\Error\ErrorHandler.php(213): ErrorHandler::handleFatalError(1, 'Call to a membe...', 'C:\\wamp\\www\\int...', 7)
#1 [internal function]: ErrorHandler::handleError(1, 'Call to a membe...', 'C:\\wamp\\www\\int...', 7, Array)
#2 C:\wamp\www\intersms\lib\Cake\Core\App.php(933): call_user_func('ErrorHandler::h...', 1, 'Call to a membe...', 'C:\\wamp\\www\\int...', 7, Array)
#3 C:\wamp\www\intersms\lib\Cake\Core\App.php(906): App::_checkFatalError()
#4 [internal function]: App::shutdown()
#5 {main}
2016-04-19 09:49:43 Error: [MissingTableException] Table areas for model Area was not found in datasource default.
Exception Attributes: array (
  'table' => 'areas',
  'class' => 'Area',
  'ds' => 'default',
)
Request URL: /intersms/usuarios/login
Stack Trace:
#0 C:\wamp\www\intersms\lib\Cake\Model\Model.php(3644): Model->setSource('areas')
#1 C:\wamp\www\intersms\lib\Cake\Model\Model.php(1387): Model->getDataSource()
#2 C:\wamp\www\intersms\lib\Cake\Model\Datasource\DboSource.php(2516): Model->schema()
#3 C:\wamp\www\intersms\lib\Cake\Model\Datasource\DboSource.php(1741): DboSource->fields(Object(Area), 'Area', '')
#4 C:\wamp\www\intersms\lib\Cake\Model\Datasource\DboSource.php(1093): DboSource->generateAssociationQuery(Object(Usuario), Object(Area), 'belongsTo', 'Area', Array, Array, false)
#5 C:\wamp\www\intersms\lib\Cake\Model\Model.php(3022): DboSource->read(Object(Usuario), Array)
#6 C:\wamp\www\intersms\lib\Cake\Model\Model.php(2994): Model->_readDataSource('first', Array)
#7 C:\wamp\www\intersms\lib\Cake\Controller\Component\Auth\BaseAuthenticate.php(130): Model->find('first', Array)
#8 C:\wamp\www\intersms\lib\Cake\Controller\Component\Auth\FormAuthenticate.php(79): BaseAuthenticate->_findUser('admin', '123456')
#9 C:\wamp\www\intersms\lib\Cake\Controller\Component\AuthComponent.php(762): FormAuthenticate->authenticate(Object(CakeRequest), Object(CakeResponse))
#10 C:\wamp\www\intersms\lib\Cake\Controller\Component\AuthComponent.php(607): AuthComponent->identify(Object(CakeRequest), Object(CakeResponse))
#11 C:\wamp\www\intersms\app\Controller\UsuariosController.php(16): AuthComponent->login()
#12 [internal function]: UsuariosController->login()
#13 C:\wamp\www\intersms\lib\Cake\Controller\Controller.php(490): ReflectionMethod->invokeArgs(Object(UsuariosController), Array)
#14 C:\wamp\www\intersms\lib\Cake\Routing\Dispatcher.php(193): Controller->invokeAction(Object(CakeRequest))
#15 C:\wamp\www\intersms\lib\Cake\Routing\Dispatcher.php(167): Dispatcher->_invoke(Object(UsuariosController), Object(CakeRequest))
#16 C:\wamp\www\intersms\app\webroot\index.php(118): Dispatcher->dispatch(Object(CakeRequest), Object(CakeResponse))
#17 {main}
2016-04-19 09:49:44 Error: Fatal Error (1): Call to a member function getAttr() on a non-object in [C:\wamp\www\intersms\app\View\Elements\menu.ctp, line 7]
2016-04-19 09:49:44 Error: [FatalErrorException] Call to a member function getAttr() on a non-object
Request URL: /intersms/usuarios/login
Stack Trace:
#0 C:\wamp\www\intersms\lib\Cake\Error\ErrorHandler.php(213): ErrorHandler::handleFatalError(1, 'Call to a membe...', 'C:\\wamp\\www\\int...', 7)
#1 [internal function]: ErrorHandler::handleError(1, 'Call to a membe...', 'C:\\wamp\\www\\int...', 7, Array)
#2 C:\wamp\www\intersms\lib\Cake\Core\App.php(933): call_user_func('ErrorHandler::h...', 1, 'Call to a membe...', 'C:\\wamp\\www\\int...', 7, Array)
#3 C:\wamp\www\intersms\lib\Cake\Core\App.php(906): App::_checkFatalError()
#4 [internal function]: App::shutdown()
#5 {main}
2016-04-19 09:49:44 Error: [MissingActionException] Action UsuariosController::<pre class=() could not be found.
Exception Attributes: array (
  'controller' => 'UsuariosController',
  'action' => '<pre class=',
)
Request URL: /intersms/usuarios/%3Cpre%20class=
Stack Trace:
#0 C:\wamp\www\intersms\lib\Cake\Routing\Dispatcher.php(193): Controller->invokeAction(Object(CakeRequest))
#1 C:\wamp\www\intersms\lib\Cake\Routing\Dispatcher.php(167): Dispatcher->_invoke(Object(UsuariosController), Object(CakeRequest))
#2 C:\wamp\www\intersms\app\webroot\index.php(118): Dispatcher->dispatch(Object(CakeRequest), Object(CakeResponse))
#3 {main}
2016-04-19 09:49:44 Error: Fatal Error (1): Call to a member function getAttr() on a non-object in [C:\wamp\www\intersms\app\View\Elements\menu.ctp, line 7]
2016-04-19 09:49:44 Error: [FatalErrorException] Call to a member function getAttr() on a non-object
Request URL: /intersms/usuarios/%3Cpre%20class=
Stack Trace:
#0 C:\wamp\www\intersms\lib\Cake\Error\ErrorHandler.php(213): ErrorHandler::handleFatalError(1, 'Call to a membe...', 'C:\\wamp\\www\\int...', 7)
#1 [internal function]: ErrorHandler::handleError(1, 'Call to a membe...', 'C:\\wamp\\www\\int...', 7, Array)
#2 C:\wamp\www\intersms\lib\Cake\Core\App.php(933): call_user_func('ErrorHandler::h...', 1, 'Call to a membe...', 'C:\\wamp\\www\\int...', 7, Array)
#3 C:\wamp\www\intersms\lib\Cake\Core\App.php(906): App::_checkFatalError()
#4 [internal function]: App::shutdown()
#5 {main}
2016-04-19 09:50:30 Error: Fatal Error (1): Call to a member function getAttr() on a non-object in [C:\wamp\www\intersms\app\View\Elements\menu.ctp, line 11]
2016-04-19 09:50:30 Error: [FatalErrorException] Call to a member function getAttr() on a non-object
Request URL: /intersms/usuarios/
Stack Trace:
#0 C:\wamp\www\intersms\lib\Cake\Error\ErrorHandler.php(213): ErrorHandler::handleFatalError(1, 'Call to a membe...', 'C:\\wamp\\www\\int...', 11)
#1 [internal function]: ErrorHandler::handleError(1, 'Call to a membe...', 'C:\\wamp\\www\\int...', 11, Array)
#2 C:\wamp\www\intersms\lib\Cake\Core\App.php(933): call_user_func('ErrorHandler::h...', 1, 'Call to a membe...', 'C:\\wamp\\www\\int...', 11, Array)
#3 C:\wamp\www\intersms\lib\Cake\Core\App.php(906): App::_checkFatalError()
#4 [internal function]: App::shutdown()
#5 {main}
2016-04-19 09:51:07 Error: Fatal Error (1): Call to a member function getAttr() on a non-object in [C:\wamp\www\intersms\app\View\Elements\menu.ctp, line 11]
2016-04-19 09:51:07 Error: [FatalErrorException] Call to a member function getAttr() on a non-object
Request URL: /intersms/usuarios/
Stack Trace:
#0 C:\wamp\www\intersms\lib\Cake\Error\ErrorHandler.php(213): ErrorHandler::handleFatalError(1, 'Call to a membe...', 'C:\\wamp\\www\\int...', 11)
#1 [internal function]: ErrorHandler::handleError(1, 'Call to a membe...', 'C:\\wamp\\www\\int...', 11, Array)
#2 C:\wamp\www\intersms\lib\Cake\Core\App.php(933): call_user_func('ErrorHandler::h...', 1, 'Call to a membe...', 'C:\\wamp\\www\\int...', 11, Array)
#3 C:\wamp\www\intersms\lib\Cake\Core\App.php(906): App::_checkFatalError()
#4 [internal function]: App::shutdown()
#5 {main}
2016-04-19 09:51:16 Error: Fatal Error (1): Call to a member function getAttr() on a non-object in [C:\wamp\www\intersms\app\View\Elements\menu.ctp, line 11]
2016-04-19 09:51:16 Error: [FatalErrorException] Call to a member function getAttr() on a non-object
Request URL: /intersms/usuarios
Stack Trace:
#0 C:\wamp\www\intersms\lib\Cake\Error\ErrorHandler.php(213): ErrorHandler::handleFatalError(1, 'Call to a membe...', 'C:\\wamp\\www\\int...', 11)
#1 [internal function]: ErrorHandler::handleError(1, 'Call to a membe...', 'C:\\wamp\\www\\int...', 11, Array)
#2 C:\wamp\www\intersms\lib\Cake\Core\App.php(933): call_user_func('ErrorHandler::h...', 1, 'Call to a membe...', 'C:\\wamp\\www\\int...', 11, Array)
#3 C:\wamp\www\intersms\lib\Cake\Core\App.php(906): App::_checkFatalError()
#4 [internal function]: App::shutdown()
#5 {main}
2016-04-19 09:51:30 Error: [MissingTableException] Table seguimiento_tramites for model SeguimientoTramite was not found in datasource default.
Exception Attributes: array (
  'table' => 'seguimiento_tramites',
  'class' => 'SeguimientoTramite',
  'ds' => 'default',
)
Request URL: /intersms/
Stack Trace:
#0 C:\wamp\www\intersms\lib\Cake\Model\Model.php(3644): Model->setSource('seguimiento_tra...')
#1 C:\wamp\www\intersms\lib\Cake\Model\Model.php(3022): Model->getDataSource()
#2 C:\wamp\www\intersms\lib\Cake\Model\Model.php(2994): Model->_readDataSource('all', Array)
#3 C:\wamp\www\intersms\app\Model\Tramite.php(139): Model->find('all', Array)
#4 C:\wamp\www\intersms\app\Controller\TramitesController.php(20): Tramite->listadoTramitesPendientes('0', '1')
#5 [internal function]: TramitesController->index()
#6 C:\wamp\www\intersms\lib\Cake\Controller\Controller.php(490): ReflectionMethod->invokeArgs(Object(TramitesController), Array)
#7 C:\wamp\www\intersms\lib\Cake\Routing\Dispatcher.php(193): Controller->invokeAction(Object(CakeRequest))
#8 C:\wamp\www\intersms\lib\Cake\Routing\Dispatcher.php(167): Dispatcher->_invoke(Object(TramitesController), Object(CakeRequest))
#9 C:\wamp\www\intersms\app\webroot\index.php(118): Dispatcher->dispatch(Object(CakeRequest), Object(CakeResponse))
#10 {main}
2016-04-19 09:51:30 Error: Fatal Error (1): Call to a member function getAttr() on a non-object in [C:\wamp\www\intersms\app\View\Elements\menu.ctp, line 11]
2016-04-19 09:51:30 Error: [FatalErrorException] Call to a member function getAttr() on a non-object
Request URL: /intersms/
Stack Trace:
#0 C:\wamp\www\intersms\lib\Cake\Error\ErrorHandler.php(213): ErrorHandler::handleFatalError(1, 'Call to a membe...', 'C:\\wamp\\www\\int...', 11)
#1 [internal function]: ErrorHandler::handleError(1, 'Call to a membe...', 'C:\\wamp\\www\\int...', 11, Array)
#2 C:\wamp\www\intersms\lib\Cake\Core\App.php(933): call_user_func('ErrorHandler::h...', 1, 'Call to a membe...', 'C:\\wamp\\www\\int...', 11, Array)
#3 C:\wamp\www\intersms\lib\Cake\Core\App.php(906): App::_checkFatalError()
#4 [internal function]: App::shutdown()
#5 {main}
2016-04-19 10:02:28 Error: Fatal Error (1): Call to a member function getAttr() on a non-object in [C:\wamp\www\intersms\app\View\Elements\menu.ctp, line 11]
2016-04-19 10:02:28 Error: [FatalErrorException] Call to a member function getAttr() on a non-object
Request URL: /intersms/usuarios
Stack Trace:
#0 C:\wamp\www\intersms\lib\Cake\Error\ErrorHandler.php(213): ErrorHandler::handleFatalError(1, 'Call to a membe...', 'C:\\wamp\\www\\int...', 11)
#1 [internal function]: ErrorHandler::handleError(1, 'Call to a membe...', 'C:\\wamp\\www\\int...', 11, Array)
#2 C:\wamp\www\intersms\lib\Cake\Core\App.php(933): call_user_func('ErrorHandler::h...', 1, 'Call to a membe...', 'C:\\wamp\\www\\int...', 11, Array)
#3 C:\wamp\www\intersms\lib\Cake\Core\App.php(906): App::_checkFatalError()
#4 [internal function]: App::shutdown()
#5 {main}
2016-04-19 10:06:35 Error: [MissingTableException] Table seguimiento_tramites for model SeguimientoTramite was not found in datasource default.
Exception Attributes: array (
  'table' => 'seguimiento_tramites',
  'class' => 'SeguimientoTramite',
  'ds' => 'default',
)
Request URL: /intersms/
Stack Trace:
#0 C:\wamp\www\intersms\lib\Cake\Model\Model.php(3644): Model->setSource('seguimiento_tra...')
#1 C:\wamp\www\intersms\lib\Cake\Model\Model.php(3022): Model->getDataSource()
#2 C:\wamp\www\intersms\lib\Cake\Model\Model.php(2994): Model->_readDataSource('all', Array)
#3 C:\wamp\www\intersms\app\Model\Tramite.php(139): Model->find('all', Array)
#4 C:\wamp\www\intersms\app\Controller\TramitesController.php(20): Tramite->listadoTramitesPendientes('0', '1')
#5 [internal function]: TramitesController->index()
#6 C:\wamp\www\intersms\lib\Cake\Controller\Controller.php(490): ReflectionMethod->invokeArgs(Object(TramitesController), Array)
#7 C:\wamp\www\intersms\lib\Cake\Routing\Dispatcher.php(193): Controller->invokeAction(Object(CakeRequest))
#8 C:\wamp\www\intersms\lib\Cake\Routing\Dispatcher.php(167): Dispatcher->_invoke(Object(TramitesController), Object(CakeRequest))
#9 C:\wamp\www\intersms\app\webroot\index.php(118): Dispatcher->dispatch(Object(CakeRequest), Object(CakeResponse))
#10 {main}
2016-04-19 10:06:35 Error: Fatal Error (1): Call to a member function getAttr() on a non-object in [C:\wamp\www\intersms\app\View\Elements\menu.ctp, line 11]
2016-04-19 10:06:35 Error: [FatalErrorException] Call to a member function getAttr() on a non-object
Request URL: /intersms/
Stack Trace:
#0 C:\wamp\www\intersms\lib\Cake\Error\ErrorHandler.php(213): ErrorHandler::handleFatalError(1, 'Call to a membe...', 'C:\\wamp\\www\\int...', 11)
#1 [internal function]: ErrorHandler::handleError(1, 'Call to a membe...', 'C:\\wamp\\www\\int...', 11, Array)
#2 C:\wamp\www\intersms\lib\Cake\Core\App.php(933): call_user_func('ErrorHandler::h...', 1, 'Call to a membe...', 'C:\\wamp\\www\\int...', 11, Array)
#3 C:\wamp\www\intersms\lib\Cake\Core\App.php(906): App::_checkFatalError()
#4 [internal function]: App::shutdown()
#5 {main}
2016-04-19 10:08:26 Error: [MissingTableException] Table seguimiento_tramites for model SeguimientoTramite was not found in datasource default.
Exception Attributes: array (
  'table' => 'seguimiento_tramites',
  'class' => 'SeguimientoTramite',
  'ds' => 'default',
)
Request URL: /intersms/
Stack Trace:
#0 C:\wamp\www\intersms\lib\Cake\Model\Model.php(3644): Model->setSource('seguimiento_tra...')
#1 C:\wamp\www\intersms\lib\Cake\Model\Model.php(3022): Model->getDataSource()
#2 C:\wamp\www\intersms\lib\Cake\Model\Model.php(2994): Model->_readDataSource('all', Array)
#3 C:\wamp\www\intersms\app\Model\Tramite.php(139): Model->find('all', Array)
#4 C:\wamp\www\intersms\app\Controller\TramitesController.php(20): Tramite->listadoTramitesPendientes('0', '1')
#5 [internal function]: TramitesController->index()
#6 C:\wamp\www\intersms\lib\Cake\Controller\Controller.php(490): ReflectionMethod->invokeArgs(Object(TramitesController), Array)
#7 C:\wamp\www\intersms\lib\Cake\Routing\Dispatcher.php(193): Controller->invokeAction(Object(CakeRequest))
#8 C:\wamp\www\intersms\lib\Cake\Routing\Dispatcher.php(167): Dispatcher->_invoke(Object(TramitesController), Object(CakeRequest))
#9 C:\wamp\www\intersms\app\webroot\index.php(118): Dispatcher->dispatch(Object(CakeRequest), Object(CakeResponse))
#10 {main}
2016-04-19 10:08:26 Error: Fatal Error (1): Call to a member function getAttr() on a non-object in [C:\wamp\www\intersms\app\View\Layouts\default.ctp, line 103]
2016-04-19 10:08:26 Error: [FatalErrorException] Call to a member function getAttr() on a non-object
Request URL: /intersms/
Stack Trace:
#0 C:\wamp\www\intersms\lib\Cake\Error\ErrorHandler.php(213): ErrorHandler::handleFatalError(1, 'Call to a membe...', 'C:\\wamp\\www\\int...', 103)
#1 [internal function]: ErrorHandler::handleError(1, 'Call to a membe...', 'C:\\wamp\\www\\int...', 103, Array)
#2 C:\wamp\www\intersms\lib\Cake\Core\App.php(933): call_user_func('ErrorHandler::h...', 1, 'Call to a membe...', 'C:\\wamp\\www\\int...', 103, Array)
#3 C:\wamp\www\intersms\lib\Cake\Core\App.php(906): App::_checkFatalError()
#4 [internal function]: App::shutdown()
#5 {main}
2016-04-19 10:10:14 Error: [MissingTableException] Table seguimiento_tramites for model SeguimientoTramite was not found in datasource default.
Exception Attributes: array (
  'table' => 'seguimiento_tramites',
  'class' => 'SeguimientoTramite',
  'ds' => 'default',
)
Request URL: /intersms/
Stack Trace:
#0 C:\wamp\www\intersms\lib\Cake\Model\Model.php(3644): Model->setSource('seguimiento_tra...')
#1 C:\wamp\www\intersms\lib\Cake\Model\Model.php(3022): Model->getDataSource()
#2 C:\wamp\www\intersms\lib\Cake\Model\Model.php(2994): Model->_readDataSource('all', Array)
#3 C:\wamp\www\intersms\app\Model\Tramite.php(139): Model->find('all', Array)
#4 C:\wamp\www\intersms\app\Controller\TramitesController.php(20): Tramite->listadoTramitesPendientes('0', '1')
#5 [internal function]: TramitesController->index()
#6 C:\wamp\www\intersms\lib\Cake\Controller\Controller.php(490): ReflectionMethod->invokeArgs(Object(TramitesController), Array)
#7 C:\wamp\www\intersms\lib\Cake\Routing\Dispatcher.php(193): Controller->invokeAction(Object(CakeRequest))
#8 C:\wamp\www\intersms\lib\Cake\Routing\Dispatcher.php(167): Dispatcher->_invoke(Object(TramitesController), Object(CakeRequest))
#9 C:\wamp\www\intersms\app\webroot\index.php(118): Dispatcher->dispatch(Object(CakeRequest), Object(CakeResponse))
#10 {main}
2016-04-19 10:12:39 Error: [MissingTableException] Table seguimiento_tramites for model SeguimientoTramite was not found in datasource default.
Exception Attributes: array (
  'table' => 'seguimiento_tramites',
  'class' => 'SeguimientoTramite',
  'ds' => 'default',
)
Request URL: /intersms/dashboard
Stack Trace:
#0 C:\wamp\www\intersms\lib\Cake\Model\Model.php(3644): Model->setSource('seguimiento_tra...')
#1 C:\wamp\www\intersms\lib\Cake\Model\Model.php(1387): Model->getDataSource()
#2 C:\wamp\www\intersms\lib\Cake\Model\Model.php(1483): Model->schema()
#3 C:\wamp\www\intersms\lib\Cake\Model\Model.php(1470): Model->hasField('title', false)
#4 C:\wamp\www\intersms\lib\Cake\Model\Model.php(907): Model->hasField(Array)
#5 C:\wamp\www\intersms\app\Model\AppModel.php(397): Model->__get('displayField')
#6 C:\wamp\www\intersms\lib\Cake\Model\Model.php(3190): AppModel->__get('displayField')
#7 C:\wamp\www\intersms\lib\Cake\Model\Model.php(3055): Model->_findList('before', Array)
#8 C:\wamp\www\intersms\lib\Cake\Model\Model.php(2989): Model->buildQuery('list', Array)
#9 C:\wamp\www\intersms\app\Model\SeguimientoTramite.php(135): Model->find('list', Array)
#10 C:\wamp\www\intersms\app\Controller\DashboardController.php(11): SeguimientoTramite->listTramiteGeneral(Object(Usuario))
#11 [internal function]: DashboardController->index()
#12 C:\wamp\www\intersms\lib\Cake\Controller\Controller.php(490): ReflectionMethod->invokeArgs(Object(DashboardController), Array)
#13 C:\wamp\www\intersms\lib\Cake\Routing\Dispatcher.php(193): Controller->invokeAction(Object(CakeRequest))
#14 C:\wamp\www\intersms\lib\Cake\Routing\Dispatcher.php(167): Dispatcher->_invoke(Object(DashboardController), Object(CakeRequest))
#15 C:\wamp\www\intersms\app\webroot\index.php(118): Dispatcher->dispatch(Object(CakeRequest), Object(CakeResponse))
#16 {main}
2016-04-19 10:29:04 Error: [MissingTableException] Table areas for model Area was not found in datasource default.
Exception Attributes: array (
  'table' => 'areas',
  'class' => 'Area',
  'ds' => 'default',
)
Request URL: /intersms/usuarios/add_edit_usuario/
Stack Trace:
#0 C:\wamp\www\intersms\lib\Cake\Model\Model.php(3644): Model->setSource('areas')
#1 C:\wamp\www\intersms\lib\Cake\Model\Model.php(3022): Model->getDataSource()
#2 C:\wamp\www\intersms\lib\Cake\Model\Model.php(2994): Model->_readDataSource('all', Array)
#3 C:\wamp\www\intersms\app\Model\AppModel.php(177): Model->find('all', Array)
#4 C:\wamp\www\intersms\app\Controller\UsuariosController.php(160): AppModel->findObjects('all', Array)
#5 [internal function]: UsuariosController->add_edit_usuario()
#6 C:\wamp\www\intersms\lib\Cake\Controller\Controller.php(490): ReflectionMethod->invokeArgs(Object(UsuariosController), Array)
#7 C:\wamp\www\intersms\lib\Cake\Routing\Dispatcher.php(193): Controller->invokeAction(Object(CakeRequest))
#8 C:\wamp\www\intersms\lib\Cake\Routing\Dispatcher.php(167): Dispatcher->_invoke(Object(UsuariosController), Object(CakeRequest))
#9 C:\wamp\www\intersms\app\webroot\index.php(118): Dispatcher->dispatch(Object(CakeRequest), Object(CakeResponse))
#10 {main}
2016-04-19 10:44:05 Error: Fatal Error (1): Call to a member function create() on a non-object in [C:\wamp\www\intersms\app\Controller\UsuariosController.php, line 135]
2016-04-19 10:44:05 Error: [FatalErrorException] Call to a member function create() on a non-object
Request URL: /intersms/usuarios/add_edit_usuario
Stack Trace:
#0 C:\wamp\www\intersms\lib\Cake\Error\ErrorHandler.php(213): ErrorHandler::handleFatalError(1, 'Call to a membe...', 'C:\\wamp\\www\\int...', 135)
#1 [internal function]: ErrorHandler::handleError(1, 'Call to a membe...', 'C:\\wamp\\www\\int...', 135, Array)
#2 C:\wamp\www\intersms\lib\Cake\Core\App.php(933): call_user_func('ErrorHandler::h...', 1, 'Call to a membe...', 'C:\\wamp\\www\\int...', 135, Array)
#3 C:\wamp\www\intersms\lib\Cake\Core\App.php(906): App::_checkFatalError()
#4 [internal function]: App::shutdown()
#5 {main}
2016-04-19 11:09:29 Error: Fatal Error (1): Call to a member function save() on a non-object in [C:\wamp\www\intersms\app\Controller\UsuariosController.php, line 103]
2016-04-19 11:09:29 Error: [FatalErrorException] Call to a member function save() on a non-object
Request URL: /intersms/usuarios/add_edit_usuario/3
Stack Trace:
#0 C:\wamp\www\intersms\lib\Cake\Error\ErrorHandler.php(213): ErrorHandler::handleFatalError(1, 'Call to a membe...', 'C:\\wamp\\www\\int...', 103)
#1 [internal function]: ErrorHandler::handleError(1, 'Call to a membe...', 'C:\\wamp\\www\\int...', 103, Array)
#2 C:\wamp\www\intersms\lib\Cake\Core\App.php(933): call_user_func('ErrorHandler::h...', 1, 'Call to a membe...', 'C:\\wamp\\www\\int...', 103, Array)
#3 C:\wamp\www\intersms\lib\Cake\Core\App.php(906): App::_checkFatalError()
#4 [internal function]: App::shutdown()
#5 {main}
2016-04-19 12:28:19 Error: [MissingTableException] Table areas for model Area was not found in datasource default.
Exception Attributes: array (
  'table' => 'areas',
  'class' => 'Area',
  'ds' => 'default',
)
Request URL: /intersms/tramites/buscar_tramite
Stack Trace:
#0 C:\wamp\www\intersms\lib\Cake\Model\Model.php(3644): Model->setSource('areas')
#1 C:\wamp\www\intersms\lib\Cake\Model\Model.php(3022): Model->getDataSource()
#2 C:\wamp\www\intersms\lib\Cake\Model\Model.php(2994): Model->_readDataSource('first', Array)
#3 C:\wamp\www\intersms\app\Model\AppModel.php(175): Model->find('first', Array)
#4 C:\wamp\www\intersms\app\Model\AppModel.php(197): AppModel->findObjects('first', Array, 0)
#5 C:\wamp\www\intersms\app\Controller\TramitesController.php(855): AppModel->findById('0')
#6 [internal function]: TramitesController->buscar_tramite()
#7 C:\wamp\www\intersms\lib\Cake\Controller\Controller.php(490): ReflectionMethod->invokeArgs(Object(TramitesController), Array)
#8 C:\wamp\www\intersms\lib\Cake\Routing\Dispatcher.php(193): Controller->invokeAction(Object(CakeRequest))
#9 C:\wamp\www\intersms\lib\Cake\Routing\Dispatcher.php(167): Dispatcher->_invoke(Object(TramitesController), Object(CakeRequest))
#10 C:\wamp\www\intersms\app\webroot\index.php(118): Dispatcher->dispatch(Object(CakeRequest), Object(CakeResponse))
#11 {main}
2016-04-19 15:33:17 Error: [MissingTableException] Table seguimiento_tramites for model SeguimientoTramite was not found in datasource default.
Exception Attributes: array (
  'table' => 'seguimiento_tramites',
  'class' => 'SeguimientoTramite',
  'ds' => 'default',
)
Request URL: /intersms/
Stack Trace:
#0 C:\wamp\www\intersms\lib\Cake\Model\Model.php(3644): Model->setSource('seguimiento_tra...')
#1 C:\wamp\www\intersms\lib\Cake\Model\Model.php(3022): Model->getDataSource()
#2 C:\wamp\www\intersms\lib\Cake\Model\Model.php(2994): Model->_readDataSource('all', Array)
#3 C:\wamp\www\intersms\app\Model\Tramite.php(139): Model->find('all', Array)
#4 C:\wamp\www\intersms\app\Controller\TramitesController.php(20): Tramite->listadoTramitesPendientes('0', '1')
#5 [internal function]: TramitesController->index()
#6 C:\wamp\www\intersms\lib\Cake\Controller\Controller.php(490): ReflectionMethod->invokeArgs(Object(TramitesController), Array)
#7 C:\wamp\www\intersms\lib\Cake\Routing\Dispatcher.php(193): Controller->invokeAction(Object(CakeRequest))
#8 C:\wamp\www\intersms\lib\Cake\Routing\Dispatcher.php(167): Dispatcher->_invoke(Object(TramitesController), Object(CakeRequest))
#9 C:\wamp\www\intersms\app\webroot\index.php(118): Dispatcher->dispatch(Object(CakeRequest), Object(CakeResponse))
#10 {main}
2016-04-19 17:47:32 Error: [MissingTableException] Table seguimiento_tramites for model SeguimientoTramite was not found in datasource default.
Exception Attributes: array (
  'table' => 'seguimiento_tramites',
  'class' => 'SeguimientoTramite',
  'ds' => 'default',
)
Request URL: /intersms/dashboard
Stack Trace:
#0 C:\wamp\www\intersms\lib\Cake\Model\Model.php(3644): Model->setSource('seguimiento_tra...')
#1 C:\wamp\www\intersms\lib\Cake\Model\Model.php(1387): Model->getDataSource()
#2 C:\wamp\www\intersms\lib\Cake\Model\Model.php(1483): Model->schema()
#3 C:\wamp\www\intersms\lib\Cake\Model\Model.php(1470): Model->hasField('title', false)
#4 C:\wamp\www\intersms\lib\Cake\Model\Model.php(907): Model->hasField(Array)
#5 C:\wamp\www\intersms\app\Model\AppModel.php(397): Model->__get('displayField')
#6 C:\wamp\www\intersms\lib\Cake\Model\Model.php(3190): AppModel->__get('displayField')
#7 C:\wamp\www\intersms\lib\Cake\Model\Model.php(3055): Model->_findList('before', Array)
#8 C:\wamp\www\intersms\lib\Cake\Model\Model.php(2989): Model->buildQuery('list', Array)
#9 C:\wamp\www\intersms\app\Model\SeguimientoTramite.php(135): Model->find('list', Array)
#10 C:\wamp\www\intersms\app\Controller\DashboardController.php(11): SeguimientoTramite->listTramiteGeneral(Object(Usuario))
#11 [internal function]: DashboardController->index()
#12 C:\wamp\www\intersms\lib\Cake\Controller\Controller.php(490): ReflectionMethod->invokeArgs(Object(DashboardController), Array)
#13 C:\wamp\www\intersms\lib\Cake\Routing\Dispatcher.php(193): Controller->invokeAction(Object(CakeRequest))
#14 C:\wamp\www\intersms\lib\Cake\Routing\Dispatcher.php(167): Dispatcher->_invoke(Object(DashboardController), Object(CakeRequest))
#15 C:\wamp\www\intersms\app\webroot\index.php(118): Dispatcher->dispatch(Object(CakeRequest), Object(CakeResponse))
#16 {main}
